mode: set
github.com/cmu440/p0/server_impl.go:27.28,36.2 8 1
github.com/cmu440/p0/server_impl.go:38.51,41.16 3 1
github.com/cmu440/p0/server_impl.go:44.2,46.12 3 1
github.com/cmu440/p0/server_impl.go:41.16,43.3 1 0
github.com/cmu440/p0/server_impl.go:49.37,52.2 2 1
github.com/cmu440/p0/server_impl.go:54.41,58.2 3 1
github.com/cmu440/p0/server_impl.go:60.45,63.6 2 1
github.com/cmu440/p0/server_impl.go:63.6,64.10 1 1
github.com/cmu440/p0/server_impl.go:65.3,66.39 1 1
github.com/cmu440/p0/server_impl.go:71.3,74.29 3 1
github.com/cmu440/p0/server_impl.go:75.3,77.58 2 1
github.com/cmu440/p0/server_impl.go:78.3,79.33 1 1
github.com/cmu440/p0/server_impl.go:80.3,81.39 1 1
github.com/cmu440/p0/server_impl.go:85.4,85.10 1 1
github.com/cmu440/p0/server_impl.go:66.39,67.36 1 1
github.com/cmu440/p0/server_impl.go:67.36,69.6 1 1
github.com/cmu440/p0/server_impl.go:81.39,84.5 2 1
github.com/cmu440/p0/server_impl.go:90.68,91.6 1 1
github.com/cmu440/p0/server_impl.go:91.6,92.10 1 1
github.com/cmu440/p0/server_impl.go:93.3,95.18 2 1
github.com/cmu440/p0/server_impl.go:99.3,101.10 2 1
github.com/cmu440/p0/server_impl.go:95.18,98.5 2 0
github.com/cmu440/p0/server_impl.go:106.59,107.6 1 1
github.com/cmu440/p0/server_impl.go:107.6,109.17 2 1
github.com/cmu440/p0/server_impl.go:112.3,116.30 5 1
github.com/cmu440/p0/server_impl.go:109.17,111.4 1 1
github.com/cmu440/p0/server_impl.go:120.65,123.6 2 1
github.com/cmu440/p0/server_impl.go:123.6,125.17 2 1
github.com/cmu440/p0/server_impl.go:130.3,130.23 1 1
github.com/cmu440/p0/server_impl.go:125.17,128.4 2 1
